2025-01-12T21:14:54.591+0100 INFO  [background-preinit] org.hibernate.validator.internal.util.Version - HV000001: Hibernate Validator 8.0.1.Final
2025-01-12T21:14:54.630+0100 INFO  [main] be.pxl.services.ConfigServiceApplication - Starting ConfigServiceApplication using Java 22.0.1 with PID 33096 (C:\Users\simon\Desktop\Fullstack Java Project\project-SimonIvenPXL\backend-java\newsarticleprogram\config-service\target\classes started by simon in C:\Users\simon\Desktop\Fullstack Java Project\project-SimonIvenPXL\backend-java\newsarticleprogram)
2025-01-12T21:14:54.630+0100 DEBUG [main] be.pxl.services.ConfigServiceApplication - Running with Spring Boot v3.3.4, Spring v6.1.13
2025-01-12T21:14:54.632+0100 INFO  [main] be.pxl.services.ConfigServiceApplication - The following 1 profile is active: "native"
2025-01-12T21:14:55.326+0100 INFO  [main] org.springframework.cloud.context.scope.GenericScope - BeanFactory id=3e79086c-d0da-3c39-9bb1-074874499322
2025-01-12T21:14:55.565+0100 INFO  [main] org.springframework.boot.web.embedded.tomcat.TomcatWebServer - Tomcat initialized with port 8088 (http)
2025-01-12T21:14:55.573+0100 INFO  [main] org.apache.coyote.http11.Http11NioProtocol - Initializing ProtocolHandler ["http-nio-8088"]
2025-01-12T21:14:55.576+0100 INFO  [main] org.apache.catalina.core.StandardService - Starting service [Tomcat]
2025-01-12T21:14:55.576+0100 INFO  [main] org.apache.catalina.core.StandardEngine - Starting Servlet engine: [Apache Tomcat/10.1.30]
2025-01-12T21:14:55.646+0100 INFO  [main] org.apache.catalina.core.ContainerBase.[Tomcat].[localhost].[/] - Initializing Spring embedded WebApplicationContext
2025-01-12T21:14:55.646+0100 INFO  [main] org.springframework.boot.web.servlet.context.ServletWebServerApplicationContext - Root WebApplicationContext: initialization completed in 973 ms
2025-01-12T21:14:56.191+0100 INFO  [main] org.apache.coyote.http11.Http11NioProtocol - Starting ProtocolHandler ["http-nio-8088"]
2025-01-12T21:14:56.205+0100 INFO  [main] org.springframework.boot.web.embedded.tomcat.TomcatWebServer - Tomcat started on port 8088 (http) with context path '/'
2025-01-12T21:14:56.217+0100 INFO  [main] be.pxl.services.ConfigServiceApplication - Started ConfigServiceApplication in 2.077 seconds (process running for 2.657)
2025-01-12T21:15:00.979+0100 INFO  [http-nio-8088-exec-1] org.apache.catalina.core.ContainerBase.[Tomcat].[localhost].[/] - Initializing Spring DispatcherServlet 'dispatcherServlet'
2025-01-12T21:15:00.980+0100 INFO  [http-nio-8088-exec-1] org.springframework.web.servlet.DispatcherServlet - Initializing Servlet 'dispatcherServlet'
2025-01-12T21:15:00.981+0100 INFO  [http-nio-8088-exec-1] org.springframework.web.servlet.DispatcherServlet - Completed initialization in 1 ms
2025-01-12T21:15:01.035+0100 INFO  [http-nio-8088-exec-1] org.springframework.cloud.config.server.environment.NativeEnvironmentRepository - Adding property source: Config resource 'class path resource [config/discovery-service.properties]' via location 'classpath:/config/'
2025-01-12T21:15:09.591+0100 INFO  [http-nio-8088-exec-6] org.springframework.cloud.config.server.environment.NativeEnvironmentRepository - Adding property source: Config resource 'class path resource [config/gateway-service.yml]' via location 'classpath:/config/'
2025-01-12T21:15:19.080+0100 INFO  [http-nio-8088-exec-3] org.springframework.cloud.config.server.environment.NativeEnvironmentRepository - Adding property source: Config resource 'class path resource [config/post-service.properties]' via location 'classpath:/config/'
2025-01-12T21:15:24.968+0100 INFO  [http-nio-8088-exec-4] org.springframework.cloud.config.server.environment.NativeEnvironmentRepository - Adding property source: Config resource 'class path resource [config/review-service.properties]' via location 'classpath:/config/'
2025-01-12T21:15:29.046+0100 INFO  [http-nio-8088-exec-5] org.springframework.cloud.config.server.environment.NativeEnvironmentRepository - Adding property source: Config resource 'class path resource [config/comment-service.properties]' via location 'classpath:/config/'
2025-01-12T21:15:34.963+0100 INFO  [http-nio-8088-exec-2] org.springframework.cloud.config.server.environment.NativeEnvironmentRepository - Adding property source: Config resource 'class path resource [config/notification-service.properties]' via location 'classpath:/config/'
